<?xml version="1.0" encoding="UTF-8"?>
<!-- Generated by org.testng.reporters.JUnitReportReporter -->
<testsuite hostname="DESKTOP-BFMJ2UG" failures="0" tests="6" name="basics.HttpRequests" time="6.954" errors="0" timestamp="2024-08-27T17:40:45 IST" skipped="0">
  <testcase classname="basics.HttpRequests" name="deleteUser" time="0.449"/>
  <testcase classname="basics.HttpRequests" name="createUser" time="0.509"/>
  <testcase classname="basics.HttpRequests" name="updateUser" time="0.427"/>
  <testcase classname="basics.HttpRequests" name="captureIDcreateUser" time="5.291"/>
  <testcase classname="basics.HttpRequests" name="getallUsers" time="0.168"/>
  <testcase classname="basics.HttpRequests" name="getSingleUser" time="0.110"/>
</testsuite> <!-- basics.HttpRequests -->
