<?xml version="1.0" encoding="UTF-8"?>
<!-- Generated by org.testng.reporters.JUnitReportReporter -->
<testsuite hostname="DESKTOP-BFMJ2UG" failures="0" tests="2" name="basics.ValidateXmlResponseData" time="3.494" errors="0" timestamp="2024-09-26T15:48:19 IST" skipped="0">
  <testcase classname="basics.ValidateXmlResponseData" name="checkXmlResponseDataUsingThen" time="3.312"/>
  <testcase classname="basics.ValidateXmlResponseData" name="validateResponseDaraUsingAssertion" time="0.182"/>
</testsuite> <!-- basics.ValidateXmlResponseData -->
