<?xml version="1.0" encoding="UTF-8"?>
<!-- Generated by org.testng.reporters.JUnitReportReporter -->
<testsuite hostname="DESKTOP-BFMJ2UG" failures="0" tests="1" name="basics.JsonSchemaValidation" time="6.625" errors="0" timestamp="2024-10-01T17:21:50 IST" skipped="0">
  <testcase classname="basics.JsonSchemaValidation" name="checkJsonSchema" time="6.625"/>
</testsuite> <!-- basics.JsonSchemaValidation -->
