<?xml version="1.0" encoding="UTF-8"?>
<!-- Generated by org.testng.reporters.JUnitReportReporter -->
<testsuite hostname="DESKTOP-BFMJ2UG" failures="0" tests="1" name="basics.DiffwaysToCreate" time="3.137" errors="0" timestamp="2024-08-29T12:17:54 IST" skipped="0">
  <testcase classname="basics.DiffwaysToCreate" name="createuserusingexternalfiles" time="3.137"/>
</testsuite> <!-- basics.DiffwaysToCreate -->
