<?xml version="1.0" encoding="UTF-8"?>
<!-- Generated by org.testng.reporters.JUnitReportReporter -->
<testsuite hostname="DESKTOP-BFMJ2UG" failures="0" tests="2" name="basics.HeadersValidation" time="5.021" errors="0" timestamp="2024-09-23T16:19:31 IST" skipped="0">
  <testcase classname="basics.HeadersValidation" name="validateHeaders" time="4.420"/>
  <testcase classname="basics.HeadersValidation" name="getHeadersInfo" time="0.601"/>
</testsuite> <!-- basics.HeadersValidation -->
