<?xml version="1.0" encoding="UTF-8"?>
<!-- Generated by org.testng.reporters.JUnitReportReporter -->
<testsuite hostname="DESKTOP-BFMJ2UG" failures="0" tests="1" name="basics.Uploadfiles" time="3.079" errors="0" timestamp="2024-09-30T17:06:51 IST" skipped="0">
  <testcase classname="basics.Uploadfiles" name="validatefiledownload" time="3.079"/>
</testsuite> <!-- basics.Uploadfiles -->
