<?xml version="1.0" encoding="UTF-8"?>
<!-- Generated by org.testng.reporters.JUnitReportReporter -->
<testsuite hostname="DESKTOP-BFMJ2UG" failures="0" tests="1" name="basics.PathAndQueryParams" time="4.613" errors="0" timestamp="2024-09-05T16:35:07 IST" skipped="0">
  <testcase classname="basics.PathAndQueryParams" name="validatePathandQueryParameters" time="4.613"/>
</testsuite> <!-- basics.PathAndQueryParams -->
