<?xml version="1.0" encoding="UTF-8"?>
<!-- Generated by org.testng.reporters.JUnitReportReporter -->
<testsuite hostname="DESKTOP-BFMJ2UG" failures="0" tests="1" name="basics.ValidateJsonResponse" time="3.471" errors="0" timestamp="2024-09-25T17:02:33 IST" skipped="0">
  <testcase classname="basics.ValidateJsonResponse" name="parsingresponsedata2" time="3.471"/>
</testsuite> <!-- basics.ValidateJsonResponse -->
