<?xml version="1.0" encoding="UTF-8"?>
<!-- Generated by org.testng.reporters.JUnitReportReporter -->
<testsuite hostname="DESKTOP-BFMJ2UG" failures="0" tests="4" name="api.test.UserTestcase" time="11.238" errors="0" timestamp="2024-10-16T16:47:18 IST" skipped="0">
  <testcase classname="api.test.UserTestcase" name="validateCreateUser" time="4.294"/>
  <testcase classname="api.test.UserTestcase" name="validateGetUser" time="1.569"/>
  <testcase classname="api.test.UserTestcase" name="validateUpdateUser" time="3.825"/>
  <testcase classname="api.test.UserTestcase" name="validateDeleteUser" time="1.550"/>
</testsuite> <!-- api.test.UserTestcase -->
